<?xml version="1.0" encoding="UTF-8"?>
<testng-results ignored="0" total="2" passed="2" failed="0" skipped="0">
  <reporter-output>
  </reporter-output>
  <suite started-at="2023-07-25T23:53:15 GMT-07:00" name="Surefire suite" finished-at="2023-07-25T23:53:15 GMT-07:00" duration-ms="21">
    <groups>
    </groups>
    <test started-at="2023-07-25T23:53:15 GMT-07:00" name="Surefire test" finished-at="2023-07-25T23:53:15 GMT-07:00" duration-ms="21">
      <class name="automation.verizon.MobileTest">
        <test-method signature="login()[pri:0, instance:automation.verizon.MobileTest@7770f470]" started-at="2023-07-25T23:53:15 GMT-07:00" name="login" finished-at="2023-07-25T23:53:15 GMT-07:00" duration-ms="2" status="PASS">
          <reporter-output>
          </reporter-output>
        </test-method> <!-- login -->
        <test-method signature="logout()[pri:0, instance:automation.verizon.MobileTest@7770f470]" started-at="2023-07-25T23:53:15 GMT-07:00" name="logout" finished-at="2023-07-25T23:53:15 GMT-07:00" duration-ms="1" status="PASS">
          <reporter-output>
          </reporter-output>
        </test-method> <!-- logout -->
      </class> <!-- automation.verizon.MobileTest -->
    </test> <!-- Surefire test -->
  </suite> <!-- Surefire suite -->
</testng-results>
